This is LuaHBTeX, Version 1.18.0 (TeX Live 2024)  (format=lualatex 2025.1.23)  9 SEP 2025 16:37
 restricted system commands enabled.
**/Users/frbarnes/Library/texmf/tex/psalms/main.tex
(/Users/frbarnes/Library/texmf/tex/psalms/main.tex
LaTeX2e <2023-11-01> patch level 1
L3 programming layer <2024-02-20>
Lua module: luaotfload 2024-02-14 3.28 Lua based OpenType font support
Lua module: lualibs 2023-07-13 2.76 ConTeXt Lua standard libraries.
Lua module: lualibs-extended 2023-07-13 2.76 ConTeXt Lua libraries -- extended c
ollection.
luaotfload | conf : Root cache directory is "/Users/frbarnes/Library/texlive/202
4/texmf-var/luatex-cache/generic/names".
luaotfload | init : Loading fontloader "fontloader-2023-12-28.lua" from kpse-res
olved path "/usr/local/texlive/2024/texmf-dist/tex/luatex/luaotfload/fontloader-
2023-12-28.lua".
Lua-only attribute luaotfload@noligature = 1
luaotfload | init : Context OpenType loader version 3.134
Inserting `luaotfload.node_processor' in `pre_linebreak_filter'.
Inserting `luaotfload.node_processor' in `hpack_filter'.
Inserting `luaotfload.glyph_stream' in `glyph_stream_provider'.
Inserting `luaotfload.define_font' in `define_font'.
Lua-only attribute luaotfload_color_attribute = 2
luaotfload | conf : Root cache directory is "/Users/frbarnes/Library/texlive/202
4/texmf-var/luatex-cache/generic/names".
Inserting `luaotfload.harf.strip_prefix' in `find_opentype_file'.
Inserting `luaotfload.harf.strip_prefix' in `find_truetype_file'.
Removing  `luaotfload.glyph_stream' from `glyph_stream_provider'.
Inserting `luaotfload.harf.glyphstream' in `glyph_stream_provider'.
Inserting `luaotfload.harf.finalize_vlist' in `post_linebreak_filter'.
Inserting `luaotfload.harf.finalize_hlist' in `hpack_filter'.
Inserting `luaotfload.cleanup_files' in `wrapup_run'.
Inserting `luaotfload.harf.finalize_unicode' in `finish_pdffile'.
Inserting `luaotfload.glyphinfo' in `glyph_info'.
Lua-only attribute luaotfload.letterspace_done = 3
Inserting `luaotfload.aux.set_sscale_dimens' in `luaotfload.patch_font'.
Inserting `luaotfload.aux.set_font_index' in `luaotfload.patch_font'.
Inserting `luaotfload.aux.patch_cambria_domh' in `luaotfload.patch_font'.
Inserting `luaotfload.aux.fixup_fontdata' in `luaotfload.patch_font_unsafe'.
Inserting `luaotfload.aux.set_capheight' in `luaotfload.patch_font'.
Inserting `luaotfload.aux.set_xheight' in `luaotfload.patch_font'.
Inserting `luaotfload.rewrite_fontname' in `luaotfload.patch_font'.
Inserting `tracingstacklevels' in `input_level_string'. (/usr/local/texlive/202
4/texmf-dist/tex/latex/amscls/amsbook.cls
Document Class: amsbook 2020/05/29 v2.20.6
\linespacing=\dimen139
\normalparindent=\dimen140
\normaltopskip=\skip48
luaotfload | db : Font names database loaded from /Users/frbarnes/Library/texliv
e/2024/texmf-var/luatex-cache/generic/names/luaotfload-names.luc.gz (/usr/local
/texlive/2024/texmf-dist/tex/latex/amsmath/amsmath.sty
Package: amsmath 2023/05/13 v2.17o AMS math features
\@mathmargin=\skip49

For additional information on amsmath, use the `?' option.
(/usr/local/texlive/2024/texmf-dist/tex/latex/amsmath/amstext.sty
Package: amstext 2021/08/26 v2.01 AMS text

(/usr/local/texlive/2024/texmf-dist/tex/latex/amsmath/amsgen.sty
File: amsgen.sty 1999/11/30 v2.0 generic functions
\@emptytoks=\toks17
\ex@=\dimen141
))
(/usr/local/texlive/2024/texmf-dist/tex/latex/amsmath/amsbsy.sty
Package: amsbsy 1999/11/29 v1.2d Bold Symbols
\pmbraise@=\dimen142
)
(/usr/local/texlive/2024/texmf-dist/tex/latex/amsmath/amsopn.sty
Package: amsopn 2022/04/08 v2.04 operator names
)
\inf@bad=\count186
LaTeX Info: Redefining \frac on input line 236.
\uproot@=\count187
\leftroot@=\count188
LaTeX Info: Redefining \overline on input line 399.
LaTeX Info: Redefining \colon on input line 410.
\classnum@=\count189
\DOTSCASE@=\count190
LaTeX Info: Redefining \ldots on input line 496.
LaTeX Info: Redefining \dots on input line 499.
LaTeX Info: Redefining \cdots on input line 620.
\Mathstrutbox@=\box51
\strutbox@=\box52
LaTeX Info: Redefining \big on input line 722.
LaTeX Info: Redefining \Big on input line 723.
LaTeX Info: Redefining \bigg on input line 724.
LaTeX Info: Redefining \Bigg on input line 725.
\big@size=\dimen143
LaTeX Font Info:    Redeclaring font encoding OML on input line 743.
LaTeX Font Info:    Redeclaring font encoding OMS on input line 744.
\macc@depth=\count191
LaTeX Info: Redefining \bmod on input line 905.
LaTeX Info: Redefining \pmod on input line 910.
LaTeX Info: Redefining \smash on input line 940.
LaTeX Info: Redefining \relbar on input line 970.
LaTeX Info: Redefining \Relbar on input line 971.
\c@MaxMatrixCols=\count192
\dotsspace@=\muskip16
\c@parentequation=\count193
\dspbrk@lvl=\count194
\tag@help=\toks18
\row@=\count195
\column@=\count196
\maxfields@=\count197
\andhelp@=\toks19
\eqnshift@=\dimen144
\alignsep@=\dimen145
\tagshift@=\dimen146
\tagwidth@=\dimen147
\totwidth@=\dimen148
\lineht@=\dimen149
\@envbody=\toks20
\multlinegap=\skip50
\multlinetaggap=\skip51
\mathdisplay@stack=\toks21
LaTeX Info: Redefining \[ on input line 2953.
LaTeX Info: Redefining \] on input line 2954.
)
LaTeX Font Info:    Trying to load font information for U+msa on input line 376
.

(/usr/local/texlive/2024/texmf-dist/tex/latex/amsfonts/umsa.fd
File: umsa.fd 2013/01/14 v3.01 AMS symbols A
)
(/usr/local/texlive/2024/texmf-dist/tex/latex/amsfonts/amsfonts.sty
Package: amsfonts 2013/01/14 v3.01 Basic AMSFonts support
\symAMSa=\mathgroup4
\symAMSb=\mathgroup5
LaTeX Font Info:    Redeclaring math symbol \hbar on input line 98.
LaTeX Font Info:    Overwriting math alphabet `\mathfrak' in version `bold'
(Font)                  U/euf/m/n --> U/euf/b/n on input line 106.
)
\copyins=\insert199
\abstractbox=\box53
\listisep=\skip52
\c@part=\count198
\c@chapter=\count266
\c@section=\count267
\c@subsection=\count268
\c@subsubsection=\count269
\c@paragraph=\count270
\c@subparagraph=\count271
\c@figure=\count272
\c@table=\count273
\abovecaptionskip=\skip53
\belowcaptionskip=\skip54
\captionindent=\dimen150
\thm@style=\toks22
\thm@bodyfont=\toks23
\thm@headfont=\toks24
\thm@notefont=\toks25
\thm@headpunct=\toks26
\thm@preskip=\skip55
\thm@postskip=\skip56
\thm@headsep=\skip57
\dth@everypar=\toks27
)
(/usr/local/texlive/2024/texmf-dist/tex/latex/geometry/geometry.sty
Package: geometry 2020/01/02 v5.9 Page Geometry

(/usr/local/texlive/2024/texmf-dist/tex/latex/graphics/keyval.sty
Package: keyval 2022/05/29 v1.15 key=value parser (DPC)
\KV@toks@=\toks28
)
(/usr/local/texlive/2024/texmf-dist/tex/generic/iftex/ifvtex.sty
Package: ifvtex 2019/10/25 v1.7 ifvtex legacy package. Use iftex instead.

(/usr/local/texlive/2024/texmf-dist/tex/generic/iftex/iftex.sty
Package: iftex 2022/02/03 v1.0f TeX engine tests
))
\Gm@cnth=\count274
\Gm@cntv=\count275
\c@Gm@tempcnt=\count276
\Gm@bindingoffset=\dimen151
\Gm@wd@mp=\dimen152
\Gm@odd@mp=\dimen153
\Gm@even@mp=\dimen154
\Gm@layoutwidth=\dimen155
\Gm@layoutheight=\dimen156
\Gm@layouthoffset=\dimen157
\Gm@layoutvoffset=\dimen158
\Gm@dimlist=\toks29
)
(/usr/local/texlive/2024/texmf-dist/tex/lualatex/gregoriotex/gregoriotex.sty
Package: gregoriotex 2021/03/13 v6.0.0 GregorioTeX system.

(/usr/local/texlive/2024/texmf-dist/tex/latex/xcolor/xcolor.sty
Package: xcolor 2023/11/15 v3.01 LaTeX color extensions (UK)

(/usr/local/texlive/2024/texmf-dist/tex/latex/graphics-cfg/color.cfg
File: color.cfg 2016/01/02 v1.6 sample color configuration
)
Package xcolor Info: Driver file: luatex.def on input line 274.

(/usr/local/texlive/2024/texmf-dist/tex/latex/graphics-def/luatex.def
File: luatex.def 2022/09/22 v1.2d Graphics/color driver for luatex
)
(/usr/local/texlive/2024/texmf-dist/tex/latex/graphics/mathcolor.ltx)
Package xcolor Info: Model `cmy' substituted by `cmy0' on input line 1350.
Package xcolor Info: Model `hsb' substituted by `rgb' on input line 1354.
Package xcolor Info: Model `RGB' extended on input line 1366.
Package xcolor Info: Model `HTML' substituted by `rgb' on input line 1368.
Package xcolor Info: Model `Hsb' substituted by `hsb' on input line 1369.
Package xcolor Info: Model `tHsb' substituted by `hsb' on input line 1370.
Package xcolor Info: Model `HSB' substituted by `hsb' on input line 1371.
Package xcolor Info: Model `Gray' substituted by `gray' on input line 1372.
Package xcolor Info: Model `wave' substituted by `hsb' on input line 1373.
)
(/usr/local/texlive/2024/texmf-dist/tex/latex/luacolor/luacolor.sty
Package: luacolor 2023-08-18 v1.18 Color support via LuaTeX's attributes (HO)
Inserting `luacolor.process' in `pre_shipout_filter'.
\LuaCol@Attribute=\attribute4
)
(/usr/local/texlive/2024/texmf-dist/tex/latex/kvoptions/kvoptions.sty
Package: kvoptions 2022-06-15 v3.15 Key value format for package options (HO)

(/usr/local/texlive/2024/texmf-dist/tex/generic/ltxcmds/ltxcmds.sty
Package: ltxcmds 2023-12-04 v1.26 LaTeX kernel commands for general use (HO)
)
(/usr/local/texlive/2024/texmf-dist/tex/latex/kvsetkeys/kvsetkeys.sty
Package: kvsetkeys 2022-10-05 v1.19 Key value parser (HO)
))
(/usr/local/texlive/2024/texmf-dist/tex/latex/graphics/graphicx.sty
Package: graphicx 2021/09/16 v1.2d Enhanced LaTeX Graphics (DPC,SPQR)

(/usr/local/texlive/2024/texmf-dist/tex/latex/graphics/graphics.sty
Package: graphics 2022/03/10 v1.4e Standard LaTeX Graphics (DPC,SPQR)

(/usr/local/texlive/2024/texmf-dist/tex/latex/graphics/trig.sty
Package: trig 2021/08/11 v1.11 sin cos tan (DPC)
)
(/usr/local/texlive/2024/texmf-dist/tex/latex/graphics-cfg/graphics.cfg
File: graphics.cfg 2016/06/04 v1.11 sample graphics configuration
)
Package graphics Info: Driver file: luatex.def on input line 107.
)
\Gin@req@height=\dimen159
\Gin@req@width=\dimen160
)
(/usr/local/texlive/2024/texmf-dist/tex/luatex/luatexbase/luatexbase.sty
Package: luatexbase 2015/10/04 v1.3 luatexbase interface to LuaTeX 

(/usr/local/texlive/2024/texmf-dist/tex/luatex/ctablestack/ctablestack.sty
Package: ctablestack 2015/10/01 v1.0 Catcode table stable support
\@catcodetablestackcnt=\count277
)
\CatcodeTableOther=\catcodetable14
\CatcodeTableExpl=\catcodetable15
)
(/usr/local/texlive/2024/texmf-dist/tex/luatex/luamplib/luamplib.sty
Package: luamplib 2024/03/10 v2.26.4 mplib package for LuaTeX
Lua module: luamplib 2024/03/10 2.26.4 Lua package to typeset Metapost with LuaT
eX's MPLib.
\luamplibcctabexplat=\catcodetable16
\mplibtmptoks=\toks30
\mplibscratchbox=\box54
)
(/usr/local/texlive/2024/texmf-dist/tex/generic/xstring/xstring.sty
(/usr/local/texlive/2024/texmf-dist/tex/generic/xstring/xstring.tex
\xs_counta=\count278
\xs_countb=\count279
)
Package: xstring 2023/08/22 v1.86 String manipulations (CT)
)
(/usr/local/texlive/2024/texmf-dist/tex/luatex/gregoriotex/gregoriotex-main.tex

(/usr/local/texlive/2024/texmf-dist/tex/luatex/gregoriotex/gregoriotex-common.t
ex)
\gre@attr@dash=\attribute5
\gre@attr@center=\attribute6
\GreScoreId=\attribute7
\gre@attr@glyph@id=\attribute8
\gre@attr@glyph@top=\attribute9
\gre@attr@glyph@bottom=\attribute10
\gre@attr@syllable@id=\attribute11
\gre@atletter=\catcodetable17
Lua module: gregoriotex 2021/03/13 6.0.0 GregorioTeX module.
Custom whatsit marker = 1
Module gregoriotex Info: marker whatsit id is 1 on input line 121

(main.gaux)
Inserting `gregoriotex.write_greaux' in `finish_pdffile'.
\gre@gaux=\write3
\gre@read@temp=\read2
\gre@factor=\count280

(/usr/local/texlive/2024/texmf-dist/tex/luatex/gregoriotex/gregoriotex-spaces.t
ex
\gre@saved@prescore@hyphenpenalty=\count281
\gre@saved@prescore@exhyphenpenalty=\count282
\gre@saved@prescore@exhyphenchar=\count283
\gre@saved@prescore@doublehyphendemerits=\count284
\gre@saved@prescore@finalhyphendemerits=\count285
\gre@saved@prescore@brokenpenalty=\count286
\gre@saved@prescore@looseness=\count287
\gre@saved@prescore@tolerance=\count288
\gre@saved@prescore@pretolerance=\count289
\gre@saved@prescore@emergencystretch=\skip58
\gre@saved@prescore@widowpenalty=\count290
\gre@saved@prescore@clubpenalty=\count291
\gre@saved@prescore@parskip=\skip59
\gre@saved@prescore@lineskip=\skip60
\gre@saved@prescore@baselineskip=\skip61
\gre@saved@prescore@lineskiplimit=\skip62
\gre@dimen@textlower=\dimen161
\gre@dimen@stafflinewidth=\dimen162
\gre@dimen@linewidth=\dimen163
\gre@dimen@stafflineheight=\dimen164
\gre@dimen@interstafflinespace=\dimen165
\gre@dimen@stafflinediff=\dimen166
\gre@dimen@constantglyphraise=\dimen167
\gre@dimen@staffheight=\dimen168
\gre@skip@syllablefinalskip=\skip63
\gre@skip@minTextDistance=\skip64
\gre@skip@minNotesDistance=\skip65
\gre@dimen@curTextDistance=\dimen169
\gre@dimen@curNotesDistance=\dimen170
\gre@skip@minShiftText=\skip66
\gre@skip@minShiftNotes=\skip67
\gre@dimen@bolshift=\dimen171
\gre@dimen@bolextra=\dimen172
\gre@dimen@clefwidth@current=\dimen173
\gre@dimen@clefwidth@largest=\dimen174
\gre@dimen@clefwidth@bol=\dimen175
\gre@dimen@eolshift=\dimen176
\gre@dimen@glyphraisevalue=\dimen177
\gre@dimen@additionalbottomspace=\dimen178
\gre@dimen@additionaltopspace=\dimen179
\gre@dimen@additionaltopspacealt=\dimen180
\gre@dimen@additionaltopspacenabc=\dimen181
\gre@space@count@additionaltopspacethreshold=\count292
\gre@space@count@additionaltopspacealtthreshold=\count293
\gre@space@count@additionaltopspacenabcthreshold=\count294
\gre@space@count@noteadditionalspacelinestextthreshold=\count295
\gre@saved@prediscretionary@dimen@additionalbottomspace=\dimen182
\gre@saved@prediscretionary@dimen@additionaltopspace=\dimen183
\gre@saved@prediscretionary@dimen@additionaltopspacealt=\dimen184
\gre@saved@prediscretionary@dimen@additionaltopspacenabc=\dimen185
\gre@saved@prediscretionary@dimen@currenttranslationheight=\dimen186
\gre@saved@prediscretionary@dimen@textlower=\dimen187
\gre@saved@prediscretionary@dimen@currentabovelinestextheight=\dimen188
\gre@saved@prediscretionary@dimen@constantglyphraise=\dimen189
\gre@dimen@textaligncenter=\dimen190
\gre@dimen@enddifference=\dimen191
\gre@dimen@previousenddifference=\dimen192
\gre@dimen@currenttranslationheight=\dimen193
\gre@skip@nextbegindifference=\skip68
\gre@dimen@annotationtrueraise=\dimen194
\gre@dimen@commentarytrueraise=\dimen195
\gre@skip@bar@requirement=\skip69
\gre@skip@bar@allocation=\skip70
\gre@dimen@bar@shift=\dimen196
\gre@skip@text@requirement=\skip71
\gre@skip@text@allocation=\skip72
\gre@dimen@text@shift=\dimen197
\gre@dimen@adjustedpreviousenddifference=\dimen198
\gre@skip@adjustednextbegindifference=\dimen256
\gre@skip@punctummorashift=\skip73
\gre@skip@alterationshift=\skip74
\gre@dimen@begindifference=\dimen257
\gre@dimen@lastglyphwidth=\dimen258
\gre@dimen@notesaligncenter=\dimen259
\gre@dimen@additionalleftspace=\dimen260
\gre@dimen@initialwidth=\dimen261
\gre@dimen@currentabovelinestextheight=\dimen262
\gre@dimen@temp@one=\dimen263
\gre@dimen@temp@two=\dimen264
\gre@dimen@temp@three=\dimen265
\gre@dimen@temp@four=\dimen266
\gre@dimen@temp@five=\dimen267
\gre@skip@temp@one=\skip75
\gre@skip@temp@two=\skip76
\gre@skip@temp@three=\skip77
\gre@skip@temp@four=\skip78
\gre@count@temp@one=\count296
\gre@count@temp@two=\count297
\gre@count@temp@three=\count298
\gre@space@count@newlinepenalty=\count299
\gre@space@count@nobreakpenalty=\count300
\gre@space@count@endofwordpenalty=\count301
\gre@space@count@endofsyllablepenalty=\count302
\gre@space@count@endafterbarpenalty=\count303
\gre@space@count@endafterbaraltpenalty=\count304
\gre@space@count@finalpenalty=\count305
\gre@space@count@endofelementpenalty=\count306
\gre@space@count@hyphenpenalty=\count307
\gre@space@count@brokenpenalty=\count308
\gre@space@count@looseness=\count309
\gre@space@count@tolerance=\count310
\gre@space@count@pretolerance=\count311
\gre@space@count@widowpenalty=\count312
\gre@space@count@clubpenalty=\count313
\greconffactor=\count314
)
\gre@box@temp@width=\box55
\gre@box@initial=\box56
\gre@biginitial=\count315
\gre@knownline=\count316
\gre@box@annotation=\box57
\gre@box@add=\box58
\gre@box@old=\box59
\gre@count@annotationvalign=\count317
\gre@box@commentary=\box60
\gre@box@lines=\box61
Module gregoriotex Info: Registering variant font greciliae as gre@font@variant@
A. on input line 987
Module gregoriotex Info: Registering variant font greciliae-hollow as gre@font@v
ariant@B. on input line 987
Module gregoriotex Info: Registering variant font greciliae-hole as gre@font@var
iant@C. on input line 987
luaotfload | cache : Lookup cache loaded from /Users/frbarnes/Library/texlive/20
24/texmf-var/luatex-cache/generic/names/luaotfload-lookup-cache.luc.
Module gregoriotex Info: Mapping font greciliae on input line 992
Module gregoriotex Info: Mapping font greciliae-hollow on input line 992
Module gregoriotex Info: Mapping font greciliae-hole on input line 992

(/usr/local/texlive/2024/texmf-dist/tex/luatex/gregoriotex/gregoriotex-chars.te
x
\gre@box@hep=\box62
)
(/usr/local/texlive/2024/texmf-dist/tex/luatex/gregoriotex/gregoriotex-signs.te
x
\gre@box@temp@clef=\box63
\gre@box@temp@cleftwo=\box64
\greslurheight=\dimen268
\gre@box@temp@sign=\box65
\gre@count@shiftaftermora=\count318
\gre@dimen@morawidth=\dimen269
\gre@skip@bar@lastskip=\skip79
\gre@count@lastglyphiscavum=\count319
)
(/usr/local/texlive/2024/texmf-dist/tex/luatex/gregoriotex/gregoriotex-syllable
.tex
\gre@generate@pointandclick=\count320
\gre@box@syllablenotes=\box66
\gre@box@syllabletext=\box67
\gre@clivisalignment=\count321
\gre@count@unbreakabletotalnotes=\count322
\gre@count@unbreakableinitialnotes=\count323
\gre@count@unbreakablefinalnotes=\count324
\gre@count@syllablenotes=\count325
)
\gre@variableheightexpansion=\count326
\gre@lastoflinecount=\count327
\gre@saved@prenlba@nobreakpenalty=\count328
\gre@saved@prenlba@endofwordpenalty=\count329
\gre@saved@prenlba@endofsyllablepenalty=\count330
\gre@saved@prenlba@endafterbarpenalty=\count331
\gre@saved@prenlba@endafterbaraltpenalty=\count332
\gre@saved@prenlba@endofelementpenalty=\count333
\gre@saved@prenlba@hyphenpenalty=\count334
\gre@lasteuouaeindex=\count335

(/usr/local/texlive/2024/texmf-dist/tex/luatex/gregoriotex/gregoriotex-symbols.
tex
Module gregoriotex Info: Registering variant font greextra as gre@font@variant@D
. on input line 53
)
\gre@dimen@stafflinethicknessbase=\dimen270
\gre@dimen@glyphraisebase=\dimen271
\gre@dimen@interstafflinedistancebase=\dimen272
\gre@dimen@inclinatumonlinemoravshiftbase=\dimen273
\gre@dimen@inclinatumonlinemorahshiftbase=\dimen274
\gre@dimen@inclinatumofflinemorahshiftbase=\dimen275

(/usr/local/texlive/2024/texmf-dist/tex/luatex/gregoriotex/gregoriotex-gsp-defa
ult.tex
! Interruption.
<argument> ...irstsyntaxunit {\xs_reserved_D }\xs_reserved_D 
                                                  \xs_exploregroups \xs_ifx ...
l.149 ...18 cm plus 0 cm minus 0.01367 cm}{scalable}
                                                  %
? 
)
(/usr/local/texlive/2024/texmf-dist/tex/luatex/gregoriotex/gregoriotex-nabc.tex
)))
(/usr/local/texlive/2024/texmf-dist/tex/latex/l3backend/l3backend-luatex.def
File: l3backend-luatex.def 2024-02-20 L3 backend support: PDF output (LuaTeX)
\l__color_backend_stack_int=\count336
Inserting `l3color' in `luaotfload.parse_color'.
\l__pdf_internal_box=\box68
)
(./main.aux)
\openout1 = main.aux

LaTeX Font Info:    Checking defaults for OML/cmm/m/it on input line 15.
LaTeX Font Info:    ... okay on input line 15.
LaTeX Font Info:    Checking defaults for OMS/cmsy/m/n on input line 15.
LaTeX Font Info:    ... okay on input line 15.
LaTeX Font Info:    Checking defaults for OT1/cmr/m/n on input line 15.
LaTeX Font Info:    ... okay on input line 15.
LaTeX Font Info:    Checking defaults for T1/cmr/m/n on input line 15.
LaTeX Font Info:    ... okay on input line 15.
LaTeX Font Info:    Checking defaults for TS1/cmr/m/n on input line 15.
LaTeX Font Info:    Trying to load font information for TS1+cmr on input line 1
5.
 (/usr/local/texlive/2024/texmf-dist/tex/latex/base/ts1cmr.fd
File: ts1cmr.fd 2023/04/13 v2.5m Standard LaTeX font definitions
)
LaTeX Font Info:    ... okay on input line 15.
LaTeX Font Info:    Checking defaults for TU/lmr/m/n on input line 15.
LaTeX Font Info:    ... okay on input line 15.
LaTeX Font Info:    Checking defaults for OMX/cmex/m/n on input line 15.
LaTeX Font Info:    ... okay on input line 15.
LaTeX Font Info:    Checking defaults for U/cmr/m/n on input line 15.
LaTeX Font Info:    ... okay on input line 15.
LaTeX Font Info:    Trying to load font information for U+msa on input line 15.


(/usr/local/texlive/2024/texmf-dist/tex/latex/amsfonts/umsa.fd
File: umsa.fd 2013/01/14 v3.01 AMS symbols A
)
LaTeX Font Info:    Trying to load font information for U+msb on input line 15.


(/usr/local/texlive/2024/texmf-dist/tex/latex/amsfonts/umsb.fd
File: umsb.fd 2013/01/14 v3.01 AMS symbols B
)
*geometry* driver: auto-detecting
*geometry* detected driver: luatex
*geometry* verbose mode - [ preamble ] result:
* driver: luatex
* paper: custom
* layout: <same size as paper>
* layoutoffset:(h,v)=(0.0pt,0.0pt)
* modes: twoside 
* h-part:(L,W,R)=(72.26999pt, 469.75502pt, 72.26999pt)
* v-part:(T,H,B)=(72.26999pt, 650.43001pt, 72.26999pt)
* \paperwidth=614.295pt
* \paperheight=794.96999pt
* \textwidth=469.75502pt
* \textheight=650.43001pt
* \oddsidemargin=0.0pt
* \evensidemargin=0.0pt
* \topmargin=-22.0pt
* \headheight=8.0pt
* \headsep=14.0pt
* \topskip=10.0pt
* \footskip=18.0pt
* \marginparwidth=90.0pt
* \marginparsep=11.0pt
* \columnsep=10.0pt
* \skip\footins=7.0pt plus 11.0pt
* \hoffset=0.0pt
* \voffset=0.0pt
* \mag=1000
* \@twocolumnfalse
* \@twosidetrue
* \@mparswitchtrue
* \@reversemarginfalse
* (1in=72.27pt=25.4mm, 1cm=28.453pt)

(/usr/local/texlive/2024/texmf-dist/tex/context/base/mkii/supp-pdf.mkii
[Loading MPS to PDF converter (version 2006.09.02).]
\scratchcounter=\count337
\scratchdimen=\dimen276
\scratchbox=\box69
\nofMPsegments=\count338
\nofMParguments=\count339
\everyMPshowfont=\toks31
\MPscratchCnt=\count340
\MPscratchDim=\dimen277
\MPnumerator=\count341
\makeMPintoPDFobject=\count342
\everyMPtoPDFconversion=\toks32
) (/usr/local/texlive/2024/texmf-dist/tex/latex/epstopdf-pkg/epstopdf-base.sty
Package: epstopdf-base 2020-01-24 v2.11 Base part for package epstopdf
Package epstopdf-base Info: Redefining graphics rule for `.eps' on input line 4
85.

(/usr/local/texlive/2024/texmf-dist/tex/latex/latexconfig/epstopdf-sys.cfg
File: epstopdf-sys.cfg 2010/07/13 v1.3 Configuration of (r)epstopdf for TeX Liv
e
)
! Interruption.
\exp_args:Ne ...xp_after:wN #1\tex_expanded:D {{#2
                                                  }}
l.518 \InputIfFileExists{epstopdf.cfg}{}{}
                                        
? 
)
Module gregoriotex Info: Looking in  on input line 16
Module gregoriotex Info: Cannot find <<score>>.gabc on input line 16
Module gregoriotex Info: Looking in  on input line 16
Module gregoriotex Info: Cannot find <<score>>-6_0_0.gtex on input line 16
Module gregoriotex Info: The file <<score>>-6_0_0.gtex does not exist. Will use 
gabc file on input line 16
...ocal/texlive/2024/texmf-dist/tex/latex/base/ltluatex.lua:109: 
Module gregoriotex Error: The file <<score>>.gabc does not exist on input line 1
6

stack traceback:
	[C]: in function 'error'
	...ocal/texlive/2024/texmf-dist/tex/latex/base/ltluatex.lua:109: in function <.
..ocal/texlive/2024/texmf-dist/tex/latex/base/ltluatex.lua:108>
	(...tail calls...)
	...e/2024/texmf-dist/tex/luatex/gregoriotex/gregoriotex.lua:927: in field 'incl
ude_score'
	[\directlua]:1: in main chunk.
\gre@gregorioscore ...allowdeprecated@asboolean )}
                                                  \or \gre@debugmsg {compile...
l.16     \gregorioscore{<<score>>}
                                
? 
[1{/usr/local/texlive/2024/texmf-var/fonts/map/pdftex/updmap/pdftex.map}]
(./main.aux)
 ***********
LaTeX2e <2023-11-01> patch level 1
L3 programming layer <2024-02-20>
 ***********
)

Here is how much of LuaTeX's memory you used:
 21820 strings out of 476447
 100000,1977958 words of node,token memory allocated
 529 words of node memory still in use:
   6 hlist, 2 vlist, 2 rule, 2 glue, 4 kern, 2 glyph, 12 attribute, 56 glue_spec
, 7 attribute_list, 1 write, 1 user_defined nodes
   avail lists: 2:42,3:4,4:2,5:25,6:2,7:48,8:2,9:24
 43787 multiletter control sequences out of 65536+600000
 38 fonts using 4688279 bytes
 72i,5n,75p,658b,153s stack positions out of 10000i,1000n,20000p,200000b,200000s
</usr/local/texlive/2024/texmf-dist/fonts/opentype/public/lm/lmroman10-regular.o
tf>
Output written on main.pdf (1 page, 3245 bytes).

PDF statistics: 15 PDF objects out of 1000 (max. 8388607)
 8 compressed objects within 1 object stream
 0 named destinations out of 1000 (max. 131072)
 1 words of extra memory for PDF output out of 10000 (max. 100000000)

